-------------------------------------------------------------------------------
Test set: edu.bilkent.bilbilet.BilBiletApplicationTests
-------------------------------------------------------------------------------
Tests run: 1, Failures: 0, Errors: 1, Skipped: 0, Time elapsed: 1.149 s <<< FAILURE! - in edu.bilkent.bilbilet.BilBiletApplicationTests
contextLoads  Time elapsed: 0.001 s  <<< ERROR!
java.lang.IllegalStateException: Failed to load ApplicationContext for [WebMergedContextConfiguration@7ecec90d testClass = edu.bilkent.bilbilet.BilBiletApplicationTests, locations = [], classes = [edu.bilkent.bilbilet.BilBiletApplication], contextInitializerClasses = [], activeProfiles = [], propertySourceLocations = [], propertySourceProperties = ["org.springframework.boot.test.context.SpringBootTestContextBootstrapper=true"], contextCustomizers = [org.springframework.boot.test.context.filter.ExcludeFilterContextCustomizer@3cebbb30, org.springframework.boot.test.json.DuplicateJsonObjectContextCustomizerFactory$DuplicateJsonObjectContextCustomizer@49049a04, org.springframework.boot.test.mock.mockito.MockitoContextCustomizer@0, org.springframework.boot.test.web.client.TestRestTemplateContextCustomizer@48aca48b, org.springframework.boot.test.autoconfigure.actuate.observability.ObservabilityContextCustomizerFactory$DisableObservabilityContextCustomizer@9da1, org.springframework.boot.test.autoconfigure.properties.PropertyMappingContextCustomizer@0, org.springframework.boot.test.autoconfigure.web.servlet.WebDriverContextCustomizerFactory$Customizer@4d154ccd, org.springframework.boot.test.context.SpringBootTestAnnotation@4d806b1b], resourceBasePath = "src/main/webapp", contextLoader = org.springframework.boot.test.context.SpringBootContextLoader, parent = null]
Caused by: org.springframework.beans.factory.UnsatisfiedDependencyException: Error creating bean with name 'accountController' defined in file [C:\Users\can\Desktop\bilkent\CS353\PROJECT\backend\target\classes\edu\bilkent\bilbilet\controller\AccountController.class]: Unsatisfied dependency expressed through constructor parameter 0: Error creating bean with name 'accountService' defined in file [C:\Users\can\Desktop\bilkent\CS353\PROJECT\backend\target\classes\edu\bilkent\bilbilet\service\AccountService.class]: Unsatisfied dependency expressed through constructor parameter 0: Error creating bean with name 'securityConfig' defined in file [C:\Users\can\Desktop\bilkent\CS353\PROJECT\backend\target\classes\edu\bilkent\bilbilet\security\SecurityConfig.class]: Unsatisfied dependency expressed through constructor parameter 0: Error creating bean with name 'JWTUserService' defined in file [C:\Users\can\Desktop\bilkent\CS353\PROJECT\backend\target\classes\edu\bilkent\bilbilet\security\JWTUserService.class]: Unsatisfied dependency expressed through constructor parameter 0: Error creating bean with name 'accountRepository': Unsatisfied dependency expressed through field 'jdbcTemplate': Error creating bean with name 'dataSourceScriptDatabaseInitializer' defined in class path resource [org/springframework/boot/autoconfigure/sql/init/DataSourceInitializationConfiguration.class]: Unsatisfied dependency expressed through method 'dataSourceScriptDatabaseInitializer' parameter 0: Error creating bean with name 'dataSource' defined in class path resource [edu/bilkent/bilbilet/database/DatabaseConfig.class]: Failed to instantiate [javax.sql.DataSource]: Factory method 'dataSource' threw exception with message: Property 'driverClassName' must not be empty
Caused by: org.springframework.beans.factory.UnsatisfiedDependencyException: Error creating bean with name 'accountService' defined in file [C:\Users\can\Desktop\bilkent\CS353\PROJECT\backend\target\classes\edu\bilkent\bilbilet\service\AccountService.class]: Unsatisfied dependency expressed through constructor parameter 0: Error creating bean with name 'securityConfig' defined in file [C:\Users\can\Desktop\bilkent\CS353\PROJECT\backend\target\classes\edu\bilkent\bilbilet\security\SecurityConfig.class]: Unsatisfied dependency expressed through constructor parameter 0: Error creating bean with name 'JWTUserService' defined in file [C:\Users\can\Desktop\bilkent\CS353\PROJECT\backend\target\classes\edu\bilkent\bilbilet\security\JWTUserService.class]: Unsatisfied dependency expressed through constructor parameter 0: Error creating bean with name 'accountRepository': Unsatisfied dependency expressed through field 'jdbcTemplate': Error creating bean with name 'dataSourceScriptDatabaseInitializer' defined in class path resource [org/springframework/boot/autoconfigure/sql/init/DataSourceInitializationConfiguration.class]: Unsatisfied dependency expressed through method 'dataSourceScriptDatabaseInitializer' parameter 0: Error creating bean with name 'dataSource' defined in class path resource [edu/bilkent/bilbilet/database/DatabaseConfig.class]: Failed to instantiate [javax.sql.DataSource]: Factory method 'dataSource' threw exception with message: Property 'driverClassName' must not be empty
Caused by: org.springframework.beans.factory.UnsatisfiedDependencyException: Error creating bean with name 'securityConfig' defined in file [C:\Users\can\Desktop\bilkent\CS353\PROJECT\backend\target\classes\edu\bilkent\bilbilet\security\SecurityConfig.class]: Unsatisfied dependency expressed through constructor parameter 0: Error creating bean with name 'JWTUserService' defined in file [C:\Users\can\Desktop\bilkent\CS353\PROJECT\backend\target\classes\edu\bilkent\bilbilet\security\JWTUserService.class]: Unsatisfied dependency expressed through constructor parameter 0: Error creating bean with name 'accountRepository': Unsatisfied dependency expressed through field 'jdbcTemplate': Error creating bean with name 'dataSourceScriptDatabaseInitializer' defined in class path resource [org/springframework/boot/autoconfigure/sql/init/DataSourceInitializationConfiguration.class]: Unsatisfied dependency expressed through method 'dataSourceScriptDatabaseInitializer' parameter 0: Error creating bean with name 'dataSource' defined in class path resource [edu/bilkent/bilbilet/database/DatabaseConfig.class]: Failed to instantiate [javax.sql.DataSource]: Factory method 'dataSource' threw exception with message: Property 'driverClassName' must not be empty
Caused by: org.springframework.beans.factory.UnsatisfiedDependencyException: Error creating bean with name 'JWTUserService' defined in file [C:\Users\can\Desktop\bilkent\CS353\PROJECT\backend\target\classes\edu\bilkent\bilbilet\security\JWTUserService.class]: Unsatisfied dependency expressed through constructor parameter 0: Error creating bean with name 'accountRepository': Unsatisfied dependency expressed through field 'jdbcTemplate': Error creating bean with name 'dataSourceScriptDatabaseInitializer' defined in class path resource [org/springframework/boot/autoconfigure/sql/init/DataSourceInitializationConfiguration.class]: Unsatisfied dependency expressed through method 'dataSourceScriptDatabaseInitializer' parameter 0: Error creating bean with name 'dataSource' defined in class path resource [edu/bilkent/bilbilet/database/DatabaseConfig.class]: Failed to instantiate [javax.sql.DataSource]: Factory method 'dataSource' threw exception with message: Property 'driverClassName' must not be empty
Caused by: org.springframework.beans.factory.UnsatisfiedDependencyException: Error creating bean with name 'accountRepository': Unsatisfied dependency expressed through field 'jdbcTemplate': Error creating bean with name 'dataSourceScriptDatabaseInitializer' defined in class path resource [org/springframework/boot/autoconfigure/sql/init/DataSourceInitializationConfiguration.class]: Unsatisfied dependency expressed through method 'dataSourceScriptDatabaseInitializer' parameter 0: Error creating bean with name 'dataSource' defined in class path resource [edu/bilkent/bilbilet/database/DatabaseConfig.class]: Failed to instantiate [javax.sql.DataSource]: Factory method 'dataSource' threw exception with message: Property 'driverClassName' must not be empty
Caused by: org.springframework.beans.factory.UnsatisfiedDependencyException: Error creating bean with name 'dataSourceScriptDatabaseInitializer' defined in class path resource [org/springframework/boot/autoconfigure/sql/init/DataSourceInitializationConfiguration.class]: Unsatisfied dependency expressed through method 'dataSourceScriptDatabaseInitializer' parameter 0: Error creating bean with name 'dataSource' defined in class path resource [edu/bilkent/bilbilet/database/DatabaseConfig.class]: Failed to instantiate [javax.sql.DataSource]: Factory method 'dataSource' threw exception with message: Property 'driverClassName' must not be empty
Caused by: org.springframework.beans.factory.BeanCreationException: Error creating bean with name 'dataSource' defined in class path resource [edu/bilkent/bilbilet/database/DatabaseConfig.class]: Failed to instantiate [javax.sql.DataSource]: Factory method 'dataSource' threw exception with message: Property 'driverClassName' must not be empty
Caused by: org.springframework.beans.BeanInstantiationException: Failed to instantiate [javax.sql.DataSource]: Factory method 'dataSource' threw exception with message: Property 'driverClassName' must not be empty
Caused by: java.lang.IllegalArgumentException: Property 'driverClassName' must not be empty

